<?xml version="1.0" encoding="UTF-8"?>
<coverage generated="1557488946525" clover="3.2.0">
  <project timestamp="1557488946526" name="All files">
    <metrics statements="241" coveredstatements="184" conditionals="100" coveredconditionals="61" methods="73" coveredmethods="52" elements="414" coveredelements="297" complexity="0" loc="241" ncloc="241" packages="1" files="17" classes="17"/>
    <file name="ConfigureRj.js" path="/home/alberto/projects/redux-rocketjump/packages/react-rocketjump/src/ConfigureRj.js">
      <metrics statements="5" coveredstatements="0" conditionals="0" coveredconditionals="0" methods="2" coveredmethods="0"/>
      <line num="14" count="0" type="stmt"/>
      <line num="15" count="0" type="stmt"/>
      <line num="22" count="0" type="stmt"/>
      <line num="23" count="0" type="stmt"/>
      <line num="26" count="0" type="stmt"/>
    </file>
    <file name="ConfigureRjContext.js" path="/home/alberto/projects/redux-rocketjump/packages/react-rocketjump/src/ConfigureRjContext.js">
      <metrics statements="1" coveredstatements="1" conditionals="0" coveredconditionals="0" methods="0" coveredmethods="0"/>
      <line num="3" count="1" type="stmt"/>
    </file>
    <file name="actionCreators.js" path="/home/alberto/projects/redux-rocketjump/packages/react-rocketjump/src/actionCreators.js">
      <metrics statements="17" coveredstatements="17" conditionals="6" coveredconditionals="6" methods="6" coveredmethods="6"/>
      <line num="11" count="1" type="stmt"/>
      <line num="12" count="35" type="stmt"/>
      <line num="13" count="35" type="stmt"/>
      <line num="22" count="11" type="stmt"/>
      <line num="29" count="11" type="stmt"/>
      <line num="30" count="11" type="stmt"/>
      <line num="31" count="11" type="stmt"/>
      <line num="40" count="11" type="stmt"/>
      <line num="51" count="11" type="stmt"/>
      <line num="52" count="11" type="stmt"/>
      <line num="53" count="11" type="stmt"/>
      <line num="63" count="13" type="stmt"/>
      <line num="74" count="13" type="stmt"/>
      <line num="75" count="13" type="stmt"/>
      <line num="76" count="13" type="stmt"/>
      <line num="82" count="12" type="stmt"/>
      <line num="86" count="1" type="stmt"/>
    </file>
    <file name="actionTypes.js" path="/home/alberto/projects/redux-rocketjump/packages/react-rocketjump/src/actionTypes.js">
      <metrics statements="6" coveredstatements="6" conditionals="0" coveredconditionals="0" methods="0" coveredmethods="0"/>
      <line num="2" count="1" type="stmt"/>
      <line num="4" count="1" type="stmt"/>
      <line num="5" count="1" type="stmt"/>
      <line num="6" count="1" type="stmt"/>
      <line num="7" count="1" type="stmt"/>
      <line num="8" count="1" type="stmt"/>
    </file>
    <file name="bindActionCreators.js" path="/home/alberto/projects/redux-rocketjump/packages/react-rocketjump/src/bindActionCreators.js">
      <metrics statements="46" coveredstatements="46" conditionals="6" coveredconditionals="6" methods="15" coveredmethods="15"/>
      <line num="9" count="12" type="stmt"/>
      <line num="10" count="12" type="stmt"/>
      <line num="12" count="12" type="stmt"/>
      <line num="13" count="8" type="cond" truecount="2" falsecount="0"/>
      <line num="14" count="2" type="stmt"/>
      <line num="16" count="6" type="stmt"/>
      <line num="21" count="8" type="stmt"/>
      <line num="24" count="12" type="stmt"/>
      <line num="25" count="11" type="stmt"/>
      <line num="26" count="11" type="stmt"/>
      <line num="29" count="12" type="stmt"/>
      <line num="30" count="1" type="stmt"/>
      <line num="31" count="1" type="stmt"/>
      <line num="34" count="12" type="stmt"/>
      <line num="35" count="12" type="stmt"/>
      <line num="36" count="12" type="cond" truecount="2" falsecount="0"/>
      <line num="37" count="11" type="stmt"/>
      <line num="40" count="11" type="stmt"/>
      <line num="41" count="8" type="stmt"/>
      <line num="43" count="11" type="stmt"/>
      <line num="44" count="11" type="stmt"/>
      <line num="45" count="11" type="stmt"/>
      <line num="47" count="12" type="stmt"/>
      <line num="50" count="12" type="stmt"/>
      <line num="64" count="44" type="stmt"/>
      <line num="65" count="7" type="stmt"/>
      <line num="67" count="44" type="stmt"/>
      <line num="68" count="1" type="stmt"/>
      <line num="70" count="44" type="stmt"/>
      <line num="71" count="4" type="stmt"/>
      <line num="73" count="44" type="stmt"/>
      <line num="74" count="1" type="stmt"/>
      <line num="76" count="44" type="stmt"/>
      <line num="131" count="44" type="stmt"/>
      <line num="132" count="3" type="stmt"/>
      <line num="133" count="3" type="cond" truecount="2" falsecount="0"/>
      <line num="134" count="2" type="stmt"/>
      <line num="135" count="2" type="stmt"/>
      <line num="136" count="2" type="stmt"/>
      <line num="138" count="3" type="stmt"/>
      <line num="140" count="44" type="stmt"/>
      <line num="151" count="19" type="stmt"/>
      <line num="152" count="19" type="stmt"/>
      <line num="153" count="44" type="stmt"/>
      <line num="154" count="44" type="stmt"/>
      <line num="160" count="19" type="stmt"/>
    </file>
    <file name="compose.js" path="/home/alberto/projects/redux-rocketjump/packages/react-rocketjump/src/compose.js">
      <metrics statements="2" coveredstatements="0" conditionals="0" coveredconditionals="0" methods="3" coveredmethods="0"/>
      <line num="3" count="0" type="stmt"/>
      <line num="4" count="0" type="stmt"/>
    </file>
    <file name="connectRj.js" path="/home/alberto/projects/redux-rocketjump/packages/react-rocketjump/src/connectRj.js">
      <metrics statements="21" coveredstatements="19" conditionals="12" coveredconditionals="7" methods="7" coveredmethods="7"/>
      <line num="6" count="16" type="stmt"/>
      <line num="14" count="19" type="stmt"/>
      <line num="17" count="59" type="stmt"/>
      <line num="23" count="59" type="stmt"/>
      <line num="25" count="59" type="stmt"/>
      <line num="27" count="59" type="stmt"/>
      <line num="29" count="59" type="stmt"/>
      <line num="30" count="19" type="cond" truecount="2" falsecount="2"/>
      <line num="31" count="0" type="stmt"/>
      <line num="35" count="59" type="stmt"/>
      <line num="36" count="23" type="cond" truecount="2" falsecount="2"/>
      <line num="37" count="23" type="stmt"/>
      <line num="39" count="0" type="stmt"/>
      <line num="42" count="59" type="stmt"/>
      <line num="43" count="19" type="stmt"/>
      <line num="50" count="59" type="stmt"/>
      <line num="59" count="19" type="stmt"/>
      <line num="62" count="19" type="cond" truecount="2" falsecount="1"/>
      <line num="64" count="19" type="stmt"/>
      <line num="65" count="19" type="stmt"/>
      <line num="67" count="19" type="stmt"/>
    </file>
    <file name="createMakeRxObservable.js" path="/home/alberto/projects/redux-rocketjump/packages/react-rocketjump/src/createMakeRxObservable.js">
      <metrics statements="30" coveredstatements="22" conditionals="19" coveredconditionals="13" methods="9" coveredmethods="8"/>
      <line num="12" count="1" type="stmt"/>
      <line num="13" count="1" type="stmt"/>
      <line num="14" count="1" type="stmt"/>
      <line num="16" count="12" type="stmt"/>
      <line num="23" count="19" type="stmt"/>
      <line num="24" count="19" type="stmt"/>
      <line num="26" count="19" type="stmt"/>
      <line num="27" count="13" type="cond" truecount="2" falsecount="0"/>
      <line num="28" count="1" type="stmt"/>
      <line num="30" count="12" type="stmt"/>
      <line num="31" count="12" type="stmt"/>
      <line num="33" count="12" type="stmt"/>
      <line num="36" count="11" type="stmt"/>
      <line num="37" count="1" type="stmt"/>
      <line num="45" count="12" type="stmt"/>
      <line num="46" count="12" type="cond" truecount="4" falsecount="0"/>
      <line num="47" count="10" type="stmt"/>
      <line num="49" count="12" type="cond" truecount="4" falsecount="0"/>
      <line num="50" count="1" type="stmt"/>
      <line num="58" count="19" type="cond" truecount="1" falsecount="1"/>
      <line num="59" count="0" type="stmt"/>
      <line num="63" count="19" type="cond" truecount="1" falsecount="1"/>
      <line num="64" count="19" type="stmt"/>
      <line num="65" count="0" type="cond" truecount="0" falsecount="2"/>
      <line num="66" count="0" type="stmt"/>
      <line num="67" count="0" type="cond" truecount="0" falsecount="2"/>
      <line num="68" count="0" type="stmt"/>
      <line num="73" count="0" type="stmt"/>
      <line num="75" count="0" type="stmt"/>
      <line num="78" count="0" type="stmt"/>
    </file>
    <file name="export.js" path="/home/alberto/projects/redux-rocketjump/packages/react-rocketjump/src/export.js">
      <metrics statements="26" coveredstatements="19" conditionals="17" coveredconditionals="9" methods="2" coveredmethods="1"/>
      <line num="17" count="1" type="stmt"/>
      <line num="25" count="19" type="cond" truecount="1" falsecount="1"/>
      <line num="27" count="19" type="stmt"/>
      <line num="30" count="0" type="stmt"/>
      <line num="33" count="19" type="stmt"/>
      <line num="37" count="19" type="cond" truecount="1" falsecount="1"/>
      <line num="38" count="19" type="stmt"/>
      <line num="40" count="0" type="stmt"/>
      <line num="42" count="19" type="cond" truecount="1" falsecount="1"/>
      <line num="43" count="19" type="stmt"/>
      <line num="44" count="19" type="cond" truecount="1" falsecount="1"/>
      <line num="48" count="0" type="stmt"/>
      <line num="49" count="0" type="stmt"/>
      <line num="55" count="19" type="cond" truecount="1" falsecount="1"/>
      <line num="57" count="19" type="stmt"/>
      <line num="60" count="0" type="stmt"/>
      <line num="63" count="19" type="stmt"/>
      <line num="71" count="19" type="cond" truecount="1" falsecount="1"/>
      <line num="73" count="19" type="stmt"/>
      <line num="76" count="0" type="stmt"/>
      <line num="78" count="19" type="cond" truecount="1" falsecount="1"/>
      <line num="79" count="19" type="stmt"/>
      <line num="80" count="0" type="stmt"/>
      <line num="84" count="19" type="stmt"/>
      <line num="92" count="19" type="stmt"/>
      <line num="97" count="19" type="stmt"/>
    </file>
    <file name="hooks.js" path="/home/alberto/projects/redux-rocketjump/packages/react-rocketjump/src/hooks.js">
      <metrics statements="19" coveredstatements="17" conditionals="4" coveredconditionals="3" methods="10" coveredmethods="8"/>
      <line num="9" count="236" type="stmt"/>
      <line num="11" count="236" type="cond" truecount="2" falsecount="0"/>
      <line num="12" count="76" type="stmt"/>
      <line num="15" count="236" type="stmt"/>
      <line num="19" count="59" type="stmt"/>
      <line num="22" count="59" type="stmt"/>
      <line num="23" count="19" type="stmt"/>
      <line num="27" count="59" type="stmt"/>
      <line num="28" count="0" type="stmt"/>
      <line num="31" count="59" type="stmt"/>
      <line num="37" count="19" type="stmt"/>
      <line num="39" count="59" type="stmt"/>
      <line num="40" count="59" type="stmt"/>
      <line num="45" count="59" type="stmt"/>
      <line num="50" count="59" type="stmt"/>
      <line num="51" count="19" type="cond" truecount="1" falsecount="1"/>
      <line num="52" count="19" type="stmt"/>
      <line num="54" count="0" type="stmt"/>
      <line num="57" count="59" type="stmt"/>
    </file>
    <file name="index.js" path="/home/alberto/projects/redux-rocketjump/packages/react-rocketjump/src/index.js">
      <metrics statements="0" coveredstatements="0" conditionals="0" coveredconditionals="0" methods="0" coveredmethods="0"/>
    </file>
    <file name="internals.js" path="/home/alberto/projects/redux-rocketjump/packages/react-rocketjump/src/internals.js">
      <metrics statements="1" coveredstatements="1" conditionals="0" coveredconditionals="0" methods="0" coveredmethods="0"/>
      <line num="6" count="1" type="stmt"/>
    </file>
    <file name="reducer.js" path="/home/alberto/projects/redux-rocketjump/packages/react-rocketjump/src/reducer.js">
      <metrics statements="8" coveredstatements="8" conditionals="6" coveredconditionals="6" methods="1" coveredmethods="1"/>
      <line num="5" count="1" type="stmt"/>
      <line num="12" count="59" type="stmt"/>
      <line num="13" count="59" type="cond" truecount="5" falsecount="0"/>
      <line num="15" count="12" type="stmt"/>
      <line num="21" count="1" type="stmt"/>
      <line num="27" count="11" type="stmt"/>
      <line num="35" count="2" type="stmt"/>
      <line num="37" count="33" type="stmt"/>
    </file>
    <file name="rj.js" path="/home/alberto/projects/redux-rocketjump/packages/react-rocketjump/src/rj.js">
      <metrics statements="30" coveredstatements="19" conditionals="15" coveredconditionals="8" methods="7" coveredmethods="4"/>
      <line num="8" count="19" type="stmt"/>
      <line num="17" count="19" type="stmt"/>
      <line num="18" count="19" type="stmt"/>
      <line num="20" count="19" type="cond" truecount="2" falsecount="3"/>
      <line num="21" count="0" type="stmt"/>
      <line num="23" count="19" type="stmt"/>
      <line num="24" count="19" type="cond" truecount="2" falsecount="0"/>
      <line num="26" count="1" type="cond" truecount="1" falsecount="1"/>
      <line num="27" count="0" type="stmt"/>
      <line num="30" count="1" type="stmt"/>
      <line num="31" count="1" type="stmt"/>
      <line num="36" count="18" type="stmt"/>
      <line num="38" count="18" type="stmt"/>
      <line num="41" count="19" type="cond" truecount="1" falsecount="1"/>
      <line num="42" count="0" type="stmt"/>
      <line num="45" count="19" type="stmt"/>
      <line num="50" count="19" type="stmt"/>
      <line num="53" count="19" type="stmt"/>
      <line num="64" count="19" type="stmt"/>
      <line num="70" count="1" type="stmt"/>
      <line num="77" count="1" type="stmt"/>
      <line num="80" count="0" type="cond" truecount="0" falsecount="2"/>
      <line num="81" count="0" type="stmt"/>
      <line num="83" count="0" type="stmt"/>
      <line num="91" count="1" type="stmt"/>
      <line num="92" count="0" type="stmt"/>
      <line num="94" count="0" type="stmt"/>
      <line num="95" count="0" type="stmt"/>
      <line num="96" count="0" type="stmt"/>
      <line num="99" count="0" type="stmt"/>
    </file>
    <file name="selectors.js" path="/home/alberto/projects/redux-rocketjump/packages/react-rocketjump/src/selectors.js">
      <metrics statements="4" coveredstatements="0" conditionals="0" coveredconditionals="0" methods="4" coveredmethods="0"/>
      <line num="3" count="0" type="stmt"/>
      <line num="4" count="0" type="stmt"/>
      <line num="5" count="0" type="stmt"/>
      <line num="7" count="0" type="stmt"/>
    </file>
    <file name="sideEffectDescriptor.js" path="/home/alberto/projects/redux-rocketjump/packages/react-rocketjump/src/sideEffectDescriptor.js">
      <metrics statements="10" coveredstatements="8" conditionals="6" coveredconditionals="3" methods="2" coveredmethods="2"/>
      <line num="4" count="19" type="stmt"/>
      <line num="9" count="1" type="stmt"/>
      <line num="13" count="19" type="stmt"/>
      <line num="15" count="19" type="cond" truecount="1" falsecount="1"/>
      <line num="16" count="19" type="stmt"/>
      <line num="18" count="19" type="cond" truecount="1" falsecount="1"/>
      <line num="19" count="0" type="stmt"/>
      <line num="21" count="19" type="cond" truecount="1" falsecount="1"/>
      <line num="22" count="0" type="stmt"/>
      <line num="25" count="19" type="stmt"/>
    </file>
    <file name="useRj.js" path="/home/alberto/projects/redux-rocketjump/packages/react-rocketjump/src/useRj.js">
      <metrics statements="15" coveredstatements="1" conditionals="9" coveredconditionals="0" methods="5" coveredmethods="0"/>
      <line num="5" count="1" type="stmt"/>
      <line num="13" count="0" type="stmt"/>
      <line num="19" count="0" type="stmt"/>
      <line num="21" count="0" type="stmt"/>
      <line num="23" count="0" type="stmt"/>
      <line num="25" count="0" type="stmt"/>
      <line num="26" count="0" type="cond" truecount="0" falsecount="4"/>
      <line num="27" count="0" type="stmt"/>
      <line num="31" count="0" type="stmt"/>
      <line num="32" count="0" type="cond" truecount="0" falsecount="4"/>
      <line num="33" count="0" type="stmt"/>
      <line num="35" count="0" type="stmt"/>
      <line num="38" count="0" type="stmt"/>
      <line num="39" count="0" type="stmt"/>
      <line num="42" count="0" type="stmt"/>
    </file>
  </project>
</coverage>
