{"/home/alberto/projects/redux-rocketjump/packages/react-rocketjump/src/ConfigureRj.js": {"path":"/home/alberto/projects/redux-rocketjump/packages/react-rocketjump/src/ConfigureRj.js","statementMap":{"0":{"start":{"line":14,"column":22},"end":{"line":24,"column":63}},"1":{"start":{"line":15,"column":30},"end":{"line":21,"column":5}},"2":{"start":{"line":22,"column":4},"end":{"line":22,"column":91}},"3":{"start":{"line":23,"column":4},"end":{"line":23,"column":28}},"4":{"start":{"line":26,"column":2},"end":{"line":30,"column":3}}},"fnMap":{"0":{"name":"ConfigureRj","decl":{"start":{"line":5,"column":24},"end":{"line":5,"column":35}},"loc":{"start":{"line":12,"column":3},"end":{"line":31,"column":1}},"line":12},"1":{"name":"(anonymous_1)","decl":{"start":{"line":14,"column":30},"end":{"line":14,"column":31}},"loc":{"start":{"line":14,"column":36},"end":{"line":24,"column":3}},"line":14}},"branchMap":{},"s":{"0":0,"1":0,"2":0,"3":0,"4":0},"f":{"0":0,"1":0},"b":{},"_coverageSchema":"43e27e138ebf9cfc5966b082cf9a028302ed4184","hash":"a916b5a9ebf2f4f03c08bb7ade87c884dd3017ac"}
,"/home/alberto/projects/redux-rocketjump/packages/react-rocketjump/src/ConfigureRjContext.js": {"path":"/home/alberto/projects/redux-rocketjump/packages/react-rocketjump/src/ConfigureRjContext.js","statementMap":{"0":{"start":{"line":3,"column":27},"end":{"line":3,"column":52}}},"fnMap":{},"branchMap":{},"s":{"0":1},"f":{},"b":{},"_coverageSchema":"43e27e138ebf9cfc5966b082cf9a028302ed4184","hash":"8245d34747dff8344685862715b50dc94c1c08e6"}
,"/home/alberto/projects/redux-rocketjump/packages/react-rocketjump/src/actionCreators.js": {"path":"/home/alberto/projects/redux-rocketjump/packages/react-rocketjump/src/actionCreators.js","statementMap":{"0":{"start":{"line":11,"column":25},"end":{"line":14,"column":1}},"1":{"start":{"line":12,"column":2},"end":{"line":12,"column":63}},"2":{"start":{"line":13,"column":2},"end":{"line":13,"column":15}},"3":{"start":{"line":22,"column":14},"end":{"line":28,"column":4}},"4":{"start":{"line":29,"column":2},"end":{"line":29,"column":31}},"5":{"start":{"line":30,"column":2},"end":{"line":30,"column":35}},"6":{"start":{"line":31,"column":2},"end":{"line":31,"column":12}},"7":{"start":{"line":40,"column":14},"end":{"line":50,"column":4}},"8":{"start":{"line":51,"column":2},"end":{"line":51,"column":31}},"9":{"start":{"line":52,"column":2},"end":{"line":52,"column":35}},"10":{"start":{"line":53,"column":2},"end":{"line":53,"column":12}},"11":{"start":{"line":63,"column":21},"end":{"line":73,"column":4}},"12":{"start":{"line":74,"column":2},"end":{"line":74,"column":45}},"13":{"start":{"line":75,"column":2},"end":{"line":75,"column":49}},"14":{"start":{"line":76,"column":2},"end":{"line":76,"column":19}},"15":{"start":{"line":82,"column":2},"end":{"line":82,"column":42}},"16":{"start":{"line":86,"column":2},"end":{"line":86,"column":45}}},"fnMap":{"0":{"name":"(anonymous_0)","decl":{"start":{"line":11,"column":25},"end":{"line":11,"column":26}},"loc":{"start":{"line":11,"column":35},"end":{"line":14,"column":1}},"line":11},"1":{"name":"withMeta","decl":{"start":{"line":21,"column":9},"end":{"line":21,"column":17}},"loc":{"start":{"line":21,"column":24},"end":{"line":32,"column":1}},"line":21},"2":{"name":"extend","decl":{"start":{"line":39,"column":9},"end":{"line":39,"column":15}},"loc":{"start":{"line":39,"column":28},"end":{"line":54,"column":1}},"line":39},"3":{"name":"makeLibraryAction","decl":{"start":{"line":62,"column":9},"end":{"line":62,"column":26}},"loc":{"start":{"line":62,"column":44},"end":{"line":77,"column":1}},"line":62},"4":{"name":"run","decl":{"start":{"line":81,"column":16},"end":{"line":81,"column":19}},"loc":{"start":{"line":81,"column":31},"end":{"line":83,"column":1}},"line":81},"5":{"name":"unload","decl":{"start":{"line":85,"column":16},"end":{"line":85,"column":22}},"loc":{"start":{"line":85,"column":34},"end":{"line":87,"column":1}},"line":85}},"branchMap":{"0":{"loc":{"start":{"line":24,"column":10},"end":{"line":27,"column":5}},"type":"cond-expr","locations":[{"start":{"line":24,"column":39},"end":{"line":24,"column":54}},{"start":{"line":24,"column":57},"end":{"line":27,"column":5}}],"line":24},"1":{"loc":{"start":{"line":47,"column":17},"end":{"line":47,"column":71}},"type":"binary-expr","locations":[{"start":{"line":47,"column":17},"end":{"line":47,"column":37}},{"start":{"line":47,"column":41},"end":{"line":47,"column":71}}],"line":47},"2":{"loc":{"start":{"line":48,"column":17},"end":{"line":48,"column":71}},"type":"binary-expr","locations":[{"start":{"line":48,"column":17},"end":{"line":48,"column":37}},{"start":{"line":48,"column":41},"end":{"line":48,"column":71}}],"line":48}},"s":{"0":1,"1":35,"2":35,"3":11,"4":11,"5":11,"6":11,"7":11,"8":11,"9":11,"10":11,"11":13,"12":13,"13":13,"14":13,"15":12,"16":1},"f":{"0":35,"1":11,"2":11,"3":13,"4":12,"5":1},"b":{"0":[9,2],"1":[11,11],"2":[11,11]},"_coverageSchema":"43e27e138ebf9cfc5966b082cf9a028302ed4184","hash":"14c6e45ff59f07530d605f753a34847bc970e95d"}
,"/home/alberto/projects/redux-rocketjump/packages/react-rocketjump/src/actionTypes.js": {"path":"/home/alberto/projects/redux-rocketjump/packages/react-rocketjump/src/actionTypes.js","statementMap":{"0":{"start":{"line":2,"column":29},"end":{"line":2,"column":42}},"1":{"start":{"line":4,"column":19},"end":{"line":4,"column":24}},"2":{"start":{"line":5,"column":23},"end":{"line":5,"column":32}},"3":{"start":{"line":6,"column":23},"end":{"line":6,"column":32}},"4":{"start":{"line":7,"column":23},"end":{"line":7,"column":32}},"5":{"start":{"line":8,"column":22},"end":{"line":8,"column":30}}},"fnMap":{},"branchMap":{},"s":{"0":1,"1":1,"2":1,"3":1,"4":1,"5":1},"f":{},"b":{},"_coverageSchema":"43e27e138ebf9cfc5966b082cf9a028302ed4184","hash":"bcedbf8974063f333c8d26a5df29856b2a39f6c2"}
,"/home/alberto/projects/redux-rocketjump/packages/react-rocketjump/src/bindActionCreators.js": {"path":"/home/alberto/projects/redux-rocketjump/packages/react-rocketjump/src/bindActionCreators.js","statementMap":{"0":{"start":{"line":9,"column":20},"end":{"line":9,"column":22}},"1":{"start":{"line":10,"column":23},"end":{"line":10,"column":25}},"2":{"start":{"line":12,"column":2},"end":{"line":22,"column":3}},"3":{"start":{"line":13,"column":4},"end":{"line":20,"column":5}},"4":{"start":{"line":14,"column":6},"end":{"line":14,"column":31}},"5":{"start":{"line":16,"column":6},"end":{"line":19,"column":9}},"6":{"start":{"line":16,"column":38},"end":{"line":19,"column":7}},"7":{"start":{"line":21,"column":4},"end":{"line":21,"column":15}},"8":{"start":{"line":24,"column":2},"end":{"line":27,"column":3}},"9":{"start":{"line":25,"column":4},"end":{"line":25,"column":34}},"10":{"start":{"line":26,"column":4},"end":{"line":26,"column":15}},"11":{"start":{"line":29,"column":2},"end":{"line":32,"column":3}},"12":{"start":{"line":30,"column":4},"end":{"line":30,"column":34}},"13":{"start":{"line":31,"column":4},"end":{"line":31,"column":15}},"14":{"start":{"line":34,"column":2},"end":{"line":48,"column":3}},"15":{"start":{"line":35,"column":17},"end":{"line":35,"column":39}},"16":{"start":{"line":36,"column":4},"end":{"line":46,"column":5}},"17":{"start":{"line":37,"column":6},"end":{"line":39,"column":8}},"18":{"start":{"line":40,"column":6},"end":{"line":42,"column":16}},"19":{"start":{"line":41,"column":8},"end":{"line":41,"column":41}},"20":{"start":{"line":43,"column":6},"end":{"line":43,"column":26}},"21":{"start":{"line":44,"column":6},"end":{"line":44,"column":28}},"22":{"start":{"line":45,"column":6},"end":{"line":45,"column":26}},"23":{"start":{"line":47,"column":4},"end":{"line":47,"column":20}},"24":{"start":{"line":50,"column":2},"end":{"line":50,"column":13}},"25":{"start":{"line":64,"column":2},"end":{"line":66,"column":3}},"26":{"start":{"line":65,"column":4},"end":{"line":65,"column":76}},"27":{"start":{"line":67,"column":2},"end":{"line":69,"column":3}},"28":{"start":{"line":68,"column":4},"end":{"line":68,"column":76}},"29":{"start":{"line":70,"column":2},"end":{"line":72,"column":3}},"30":{"start":{"line":71,"column":4},"end":{"line":71,"column":71}},"31":{"start":{"line":73,"column":2},"end":{"line":75,"column":3}},"32":{"start":{"line":74,"column":4},"end":{"line":74,"column":191}},"33":{"start":{"line":76,"column":2},"end":{"line":76,"column":27}},"34":{"start":{"line":131,"column":14},"end":{"line":139,"column":3}},"35":{"start":{"line":132,"column":19},"end":{"line":132,"column":41}},"36":{"start":{"line":133,"column":4},"end":{"line":137,"column":5}},"37":{"start":{"line":134,"column":6},"end":{"line":134,"column":26}},"38":{"start":{"line":135,"column":6},"end":{"line":135,"column":28}},"39":{"start":{"line":136,"column":6},"end":{"line":136,"column":26}},"40":{"start":{"line":138,"column":4},"end":{"line":138,"column":20}},"41":{"start":{"line":140,"column":2},"end":{"line":140,"column":61}},"42":{"start":{"line":151,"column":30},"end":{"line":151,"column":32}},"43":{"start":{"line":152,"column":2},"end":{"line":159,"column":3}},"44":{"start":{"line":153,"column":26},"end":{"line":153,"column":45}},"45":{"start":{"line":154,"column":4},"end":{"line":158,"column":5}},"46":{"start":{"line":160,"column":2},"end":{"line":160,"column":28}}},"fnMap":{"0":{"name":"Builder","decl":{"start":{"line":8,"column":9},"end":{"line":8,"column":16}},"loc":{"start":{"line":8,"column":51},"end":{"line":51,"column":1}},"line":8},"1":{"name":"(anonymous_1)","decl":{"start":{"line":12,"column":18},"end":{"line":12,"column":19}},"loc":{"start":{"line":12,"column":26},"end":{"line":22,"column":3}},"line":12},"2":{"name":"(anonymous_2)","decl":{"start":{"line":16,"column":26},"end":{"line":16,"column":27}},"loc":{"start":{"line":16,"column":38},"end":{"line":19,"column":7}},"line":16},"3":{"name":"(anonymous_3)","decl":{"start":{"line":24,"column":19},"end":{"line":24,"column":20}},"loc":{"start":{"line":24,"column":31},"end":{"line":27,"column":3}},"line":24},"4":{"name":"(anonymous_4)","decl":{"start":{"line":29,"column":19},"end":{"line":29,"column":20}},"loc":{"start":{"line":29,"column":31},"end":{"line":32,"column":3}},"line":29},"5":{"name":"(anonymous_5)","decl":{"start":{"line":34,"column":13},"end":{"line":34,"column":14}},"loc":{"start":{"line":34,"column":26},"end":{"line":48,"column":3}},"line":34},"6":{"name":"(anonymous_6)","decl":{"start":{"line":40,"column":37},"end":{"line":40,"column":38}},"loc":{"start":{"line":40,"column":60},"end":{"line":42,"column":7}},"line":40},"7":{"name":"attachBuilder","decl":{"start":{"line":63,"column":9},"end":{"line":63,"column":22}},"loc":{"start":{"line":63,"column":77},"end":{"line":77,"column":1}},"line":63},"8":{"name":"(anonymous_8)","decl":{"start":{"line":64,"column":33},"end":{"line":64,"column":34}},"loc":{"start":{"line":64,"column":45},"end":{"line":66,"column":3}},"line":64},"9":{"name":"(anonymous_9)","decl":{"start":{"line":67,"column":33},"end":{"line":67,"column":34}},"loc":{"start":{"line":67,"column":45},"end":{"line":69,"column":3}},"line":67},"10":{"name":"(anonymous_10)","decl":{"start":{"line":70,"column":32},"end":{"line":70,"column":33}},"loc":{"start":{"line":70,"column":40},"end":{"line":72,"column":3}},"line":70},"11":{"name":"(anonymous_11)","decl":{"start":{"line":73,"column":27},"end":{"line":73,"column":28}},"loc":{"start":{"line":73,"column":33},"end":{"line":75,"column":3}},"line":73},"12":{"name":"bindActionCreator","decl":{"start":{"line":130,"column":9},"end":{"line":130,"column":26}},"loc":{"start":{"line":130,"column":61},"end":{"line":141,"column":1}},"line":130},"13":{"name":"(anonymous_13)","decl":{"start":{"line":131,"column":14},"end":{"line":131,"column":15}},"loc":{"start":{"line":131,"column":27},"end":{"line":139,"column":3}},"line":131},"14":{"name":"bindActionCreators","decl":{"start":{"line":150,"column":24},"end":{"line":150,"column":42}},"loc":{"start":{"line":150,"column":78},"end":{"line":161,"column":1}},"line":150}},"branchMap":{"0":{"loc":{"start":{"line":13,"column":4},"end":{"line":20,"column":5}},"type":"if","locations":[{"start":{"line":13,"column":4},"end":{"line":20,"column":5}},{"start":{"line":13,"column":4},"end":{"line":20,"column":5}}],"line":13},"1":{"loc":{"start":{"line":36,"column":4},"end":{"line":46,"column":5}},"type":"if","locations":[{"start":{"line":36,"column":4},"end":{"line":46,"column":5}},{"start":{"line":36,"column":4},"end":{"line":46,"column":5}}],"line":36},"2":{"loc":{"start":{"line":133,"column":4},"end":{"line":137,"column":5}},"type":"if","locations":[{"start":{"line":133,"column":4},"end":{"line":137,"column":5}},{"start":{"line":133,"column":4},"end":{"line":137,"column":5}}],"line":133}},"s":{"0":12,"1":12,"2":12,"3":8,"4":2,"5":6,"6":6,"7":8,"8":12,"9":11,"10":11,"11":12,"12":1,"13":1,"14":12,"15":12,"16":12,"17":11,"18":11,"19":8,"20":11,"21":11,"22":11,"23":12,"24":12,"25":44,"26":7,"27":44,"28":1,"29":44,"30":4,"31":44,"32":1,"33":44,"34":44,"35":3,"36":3,"37":2,"38":2,"39":2,"40":3,"41":44,"42":19,"43":19,"44":44,"45":44,"46":19},"f":{"0":12,"1":8,"2":6,"3":11,"4":1,"5":12,"6":8,"7":44,"8":7,"9":1,"10":4,"11":1,"12":44,"13":3,"14":19},"b":{"0":[2,6],"1":[11,1],"2":[2,1]},"_coverageSchema":"43e27e138ebf9cfc5966b082cf9a028302ed4184","hash":"67947a9a2bba5462b43c050296ed174aad2d15ad"}
,"/home/alberto/projects/redux-rocketjump/packages/react-rocketjump/src/compose.js": {"path":"/home/alberto/projects/redux-rocketjump/packages/react-rocketjump/src/compose.js","statementMap":{"0":{"start":{"line":3,"column":2},"end":{"line":5,"column":3}},"1":{"start":{"line":4,"column":4},"end":{"line":4,"column":76}},"2":{"start":{"line":4,"column":43},"end":{"line":4,"column":57}}},"fnMap":{"0":{"name":"compose","decl":{"start":{"line":2,"column":24},"end":{"line":2,"column":31}},"loc":{"start":{"line":2,"column":41},"end":{"line":6,"column":1}},"line":2},"1":{"name":"(anonymous_1)","decl":{"start":{"line":3,"column":9},"end":{"line":3,"column":10}},"loc":{"start":{"line":3,"column":36},"end":{"line":5,"column":3}},"line":3},"2":{"name":"(anonymous_2)","decl":{"start":{"line":4,"column":23},"end":{"line":4,"column":24}},"loc":{"start":{"line":4,"column":43},"end":{"line":4,"column":57}},"line":4}},"branchMap":{},"s":{"0":0,"1":0,"2":0},"f":{"0":0,"1":0,"2":0},"b":{},"_coverageSchema":"43e27e138ebf9cfc5966b082cf9a028302ed4184","hash":"9fe5d59cd7981fd1ca9f041bb409d1f69c9dbcd8"}
,"/home/alberto/projects/redux-rocketjump/packages/react-rocketjump/src/connectRj.js": {"path":"/home/alberto/projects/redux-rocketjump/packages/react-rocketjump/src/connectRj.js","statementMap":{"0":{"start":{"line":6,"column":33},"end":{"line":6,"column":39}},"1":{"start":{"line":6,"column":38},"end":{"line":6,"column":39}},"2":{"start":{"line":14,"column":2},"end":{"line":68,"column":3}},"3":{"start":{"line":17,"column":30},"end":{"line":17,"column":64}},"4":{"start":{"line":23,"column":10},"end":{"line":23,"column":25}},"5":{"start":{"line":25,"column":32},"end":{"line":25,"column":56}},"6":{"start":{"line":27,"column":22},"end":{"line":27,"column":62}},"7":{"start":{"line":29,"column":32},"end":{"line":33,"column":8}},"8":{"start":{"line":30,"column":8},"end":{"line":32,"column":9}},"9":{"start":{"line":31,"column":10},"end":{"line":31,"column":32}},"10":{"start":{"line":35,"column":32},"end":{"line":40,"column":43}},"11":{"start":{"line":36,"column":8},"end":{"line":38,"column":9}},"12":{"start":{"line":37,"column":10},"end":{"line":37,"column":22}},"13":{"start":{"line":39,"column":8},"end":{"line":39,"column":63}},"14":{"start":{"line":42,"column":34},"end":{"line":48,"column":45}},"15":{"start":{"line":43,"column":8},"end":{"line":47,"column":9}},"16":{"start":{"line":50,"column":6},"end":{"line":56,"column":7}},"17":{"start":{"line":59,"column":20},"end":{"line":59,"column":47}},"18":{"start":{"line":62,"column":6},"end":{"line":62,"column":74}},"19":{"start":{"line":64,"column":24},"end":{"line":64,"column":60}},"20":{"start":{"line":65,"column":4},"end":{"line":65,"column":37}},"21":{"start":{"line":67,"column":4},"end":{"line":67,"column":50}}},"fnMap":{"0":{"name":"(anonymous_0)","decl":{"start":{"line":6,"column":33},"end":{"line":6,"column":34}},"loc":{"start":{"line":6,"column":38},"end":{"line":6,"column":39}},"line":6},"1":{"name":"connectRj","decl":{"start":{"line":8,"column":24},"end":{"line":8,"column":33}},"loc":{"start":{"line":13,"column":2},"end":{"line":69,"column":1}},"line":13},"2":{"name":"wrapWithConnect","decl":{"start":{"line":14,"column":18},"end":{"line":14,"column":33}},"loc":{"start":{"line":14,"column":52},"end":{"line":68,"column":3}},"line":14},"3":{"name":"ConnectFunction","decl":{"start":{"line":16,"column":13},"end":{"line":16,"column":28}},"loc":{"start":{"line":16,"column":36},"end":{"line":57,"column":5}},"line":16},"4":{"name":"(anonymous_4)","decl":{"start":{"line":29,"column":44},"end":{"line":29,"column":45}},"loc":{"start":{"line":29,"column":50},"end":{"line":33,"column":7}},"line":29},"5":{"name":"(anonymous_5)","decl":{"start":{"line":35,"column":40},"end":{"line":35,"column":41}},"loc":{"start":{"line":35,"column":46},"end":{"line":40,"column":7}},"line":35},"6":{"name":"(anonymous_6)","decl":{"start":{"line":42,"column":42},"end":{"line":42,"column":43}},"loc":{"start":{"line":42,"column":48},"end":{"line":48,"column":7}},"line":42}},"branchMap":{"0":{"loc":{"start":{"line":12,"column":2},"end":{"line":12,"column":46}},"type":"default-arg","locations":[{"start":{"line":12,"column":22},"end":{"line":12,"column":46}}],"line":12},"1":{"loc":{"start":{"line":30,"column":8},"end":{"line":32,"column":9}},"type":"if","locations":[{"start":{"line":30,"column":8},"end":{"line":32,"column":9}},{"start":{"line":30,"column":8},"end":{"line":32,"column":9}}],"line":30},"2":{"loc":{"start":{"line":30,"column":12},"end":{"line":30,"column":69}},"type":"binary-expr","locations":[{"start":{"line":30,"column":12},"end":{"line":30,"column":41}},{"start":{"line":30,"column":45},"end":{"line":30,"column":69}}],"line":30},"3":{"loc":{"start":{"line":36,"column":8},"end":{"line":38,"column":9}},"type":"if","locations":[{"start":{"line":36,"column":8},"end":{"line":38,"column":9}},{"start":{"line":36,"column":8},"end":{"line":38,"column":9}}],"line":36},"4":{"loc":{"start":{"line":36,"column":12},"end":{"line":36,"column":71}},"type":"binary-expr","locations":[{"start":{"line":36,"column":12},"end":{"line":36,"column":41}},{"start":{"line":36,"column":45},"end":{"line":36,"column":71}}],"line":36},"5":{"loc":{"start":{"line":62,"column":6},"end":{"line":62,"column":74}},"type":"binary-expr","locations":[{"start":{"line":62,"column":6},"end":{"line":62,"column":34}},{"start":{"line":62,"column":38},"end":{"line":62,"column":59}},{"start":{"line":62,"column":63},"end":{"line":62,"column":74}}],"line":62}},"s":{"0":1,"1":16,"2":19,"3":59,"4":59,"5":59,"6":59,"7":59,"8":19,"9":0,"10":59,"11":23,"12":23,"13":0,"14":59,"15":19,"16":59,"17":19,"18":19,"19":19,"20":19,"21":19},"f":{"0":16,"1":19,"2":19,"3":59,"4":19,"5":23,"6":19},"b":{"0":[16],"1":[0,19],"2":[19,0],"3":[23,0],"4":[23,0],"5":[19,19,0]},"_coverageSchema":"43e27e138ebf9cfc5966b082cf9a028302ed4184","hash":"37f47421e6913e51b147c5fcc868eac69cda96d5"}
,"/home/alberto/projects/redux-rocketjump/packages/react-rocketjump/src/createMakeRxObservable.js": {"path":"/home/alberto/projects/redux-rocketjump/packages/react-rocketjump/src/createMakeRxObservable.js","statementMap":{"0":{"start":{"line":12,"column":34},"end":{"line":12,"column":42}},"1":{"start":{"line":13,"column":33},"end":{"line":13,"column":40}},"2":{"start":{"line":14,"column":35},"end":{"line":14,"column":44}},"3":{"start":{"line":16,"column":26},"end":{"line":16,"column":58}},"4":{"start":{"line":16,"column":45},"end":{"line":16,"column":58}},"5":{"start":{"line":23,"column":2},"end":{"line":82,"column":3}},"6":{"start":{"line":24,"column":44},"end":{"line":24,"column":54}},"7":{"start":{"line":26,"column":39},"end":{"line":56,"column":5}},"8":{"start":{"line":27,"column":6},"end":{"line":29,"column":7}},"9":{"start":{"line":28,"column":8},"end":{"line":28,"column":25}},"10":{"start":{"line":30,"column":43},"end":{"line":30,"column":49}},"11":{"start":{"line":31,"column":21},"end":{"line":31,"column":35}},"12":{"start":{"line":33,"column":6},"end":{"line":55,"column":7}},"13":{"start":{"line":36,"column":23},"end":{"line":36,"column":73}},"14":{"start":{"line":37,"column":30},"end":{"line":37,"column":73}},"15":{"start":{"line":45,"column":12},"end":{"line":52,"column":14}},"16":{"start":{"line":46,"column":14},"end":{"line":48,"column":15}},"17":{"start":{"line":47,"column":16},"end":{"line":47,"column":56}},"18":{"start":{"line":49,"column":14},"end":{"line":51,"column":15}},"19":{"start":{"line":50,"column":16},"end":{"line":50,"column":51}},"20":{"start":{"line":58,"column":4},"end":{"line":81,"column":5}},"21":{"start":{"line":59,"column":6},"end":{"line":62,"column":7}},"22":{"start":{"line":63,"column":11},"end":{"line":81,"column":5}},"23":{"start":{"line":64,"column":6},"end":{"line":64,"column":64}},"24":{"start":{"line":65,"column":11},"end":{"line":81,"column":5}},"25":{"start":{"line":66,"column":24},"end":{"line":66,"column":41}},"26":{"start":{"line":67,"column":6},"end":{"line":72,"column":7}},"27":{"start":{"line":68,"column":8},"end":{"line":71,"column":9}},"28":{"start":{"line":73,"column":6},"end":{"line":76,"column":7}},"29":{"start":{"line":75,"column":26},"end":{"line":75,"column":75}},"30":{"start":{"line":78,"column":6},"end":{"line":80,"column":7}}},"fnMap":{"0":{"name":"(anonymous_0)","decl":{"start":{"line":16,"column":26},"end":{"line":16,"column":27}},"loc":{"start":{"line":16,"column":45},"end":{"line":16,"column":58}},"line":16},"1":{"name":"createMakeRxObservable","decl":{"start":{"line":18,"column":24},"end":{"line":18,"column":46}},"loc":{"start":{"line":22,"column":3},"end":{"line":83,"column":1}},"line":22},"2":{"name":"makeRxObservable","decl":{"start":{"line":23,"column":18},"end":{"line":23,"column":34}},"loc":{"start":{"line":23,"column":44},"end":{"line":82,"column":3}},"line":23},"3":{"name":"(anonymous_3)","decl":{"start":{"line":26,"column":39},"end":{"line":26,"column":40}},"loc":{"start":{"line":26,"column":49},"end":{"line":56,"column":5}},"line":26},"4":{"name":"(anonymous_4)","decl":{"start":{"line":36,"column":14},"end":{"line":36,"column":15}},"loc":{"start":{"line":36,"column":23},"end":{"line":36,"column":73}},"line":36},"5":{"name":"(anonymous_5)","decl":{"start":{"line":37,"column":21},"end":{"line":37,"column":22}},"loc":{"start":{"line":37,"column":30},"end":{"line":37,"column":73}},"line":37},"6":{"name":"(anonymous_6)","decl":{"start":{"line":38,"column":14},"end":{"line":38,"column":15}},"loc":{"start":{"line":38,"column":24},"end":{"line":53,"column":11}},"line":38},"7":{"name":"(anonymous_7)","decl":{"start":{"line":45,"column":35},"end":{"line":45,"column":36}},"loc":{"start":{"line":45,"column":41},"end":{"line":52,"column":13}},"line":45},"8":{"name":"(anonymous_8)","decl":{"start":{"line":75,"column":17},"end":{"line":75,"column":18}},"loc":{"start":{"line":75,"column":26},"end":{"line":75,"column":75}},"line":75}},"branchMap":{"0":{"loc":{"start":{"line":20,"column":2},"end":{"line":20,"column":32}},"type":"default-arg","locations":[{"start":{"line":20,"column":15},"end":{"line":20,"column":32}}],"line":20},"1":{"loc":{"start":{"line":27,"column":6},"end":{"line":29,"column":7}},"type":"if","locations":[{"start":{"line":27,"column":6},"end":{"line":29,"column":7}},{"start":{"line":27,"column":6},"end":{"line":29,"column":7}}],"line":27},"2":{"loc":{"start":{"line":46,"column":14},"end":{"line":48,"column":15}},"type":"if","locations":[{"start":{"line":46,"column":14},"end":{"line":48,"column":15}},{"start":{"line":46,"column":14},"end":{"line":48,"column":15}}],"line":46},"3":{"loc":{"start":{"line":46,"column":18},"end":{"line":46,"column":64}},"type":"binary-expr","locations":[{"start":{"line":46,"column":18},"end":{"line":46,"column":41}},{"start":{"line":46,"column":45},"end":{"line":46,"column":64}}],"line":46},"4":{"loc":{"start":{"line":49,"column":14},"end":{"line":51,"column":15}},"type":"if","locations":[{"start":{"line":49,"column":14},"end":{"line":51,"column":15}},{"start":{"line":49,"column":14},"end":{"line":51,"column":15}}],"line":49},"5":{"loc":{"start":{"line":49,"column":18},"end":{"line":49,"column":64}},"type":"binary-expr","locations":[{"start":{"line":49,"column":18},"end":{"line":49,"column":41}},{"start":{"line":49,"column":45},"end":{"line":49,"column":64}}],"line":49},"6":{"loc":{"start":{"line":58,"column":4},"end":{"line":81,"column":5}},"type":"if","locations":[{"start":{"line":58,"column":4},"end":{"line":81,"column":5}},{"start":{"line":58,"column":4},"end":{"line":81,"column":5}}],"line":58},"7":{"loc":{"start":{"line":63,"column":11},"end":{"line":81,"column":5}},"type":"if","locations":[{"start":{"line":63,"column":11},"end":{"line":81,"column":5}},{"start":{"line":63,"column":11},"end":{"line":81,"column":5}}],"line":63},"8":{"loc":{"start":{"line":65,"column":11},"end":{"line":81,"column":5}},"type":"if","locations":[{"start":{"line":65,"column":11},"end":{"line":81,"column":5}},{"start":{"line":65,"column":11},"end":{"line":81,"column":5}}],"line":65},"9":{"loc":{"start":{"line":67,"column":6},"end":{"line":72,"column":7}},"type":"if","locations":[{"start":{"line":67,"column":6},"end":{"line":72,"column":7}},{"start":{"line":67,"column":6},"end":{"line":72,"column":7}}],"line":67}},"s":{"0":1,"1":1,"2":1,"3":1,"4":12,"5":19,"6":19,"7":19,"8":13,"9":1,"10":12,"11":12,"12":12,"13":11,"14":1,"15":12,"16":12,"17":10,"18":12,"19":1,"20":19,"21":0,"22":19,"23":19,"24":0,"25":0,"26":0,"27":0,"28":0,"29":0,"30":0},"f":{"0":12,"1":19,"2":19,"3":13,"4":11,"5":1,"6":12,"7":12,"8":0},"b":{"0":[19],"1":[1,12],"2":[10,2],"3":[12,11],"4":[1,11],"5":[12,1],"6":[0,19],"7":[19,0],"8":[0,0],"9":[0,0]},"_coverageSchema":"43e27e138ebf9cfc5966b082cf9a028302ed4184","hash":"c8b65eeb0f15e8b5dd960436e4445294204e70f3"}
,"/home/alberto/projects/redux-rocketjump/packages/react-rocketjump/src/export.js": {"path":"/home/alberto/projects/redux-rocketjump/packages/react-rocketjump/src/export.js","statementMap":{"0":{"start":{"line":17,"column":30},"end":{"line":17,"column":54}},"1":{"start":{"line":25,"column":2},"end":{"line":31,"column":3}},"2":{"start":{"line":27,"column":4},"end":{"line":27,"column":43}},"3":{"start":{"line":30,"column":4},"end":{"line":30,"column":40}},"4":{"start":{"line":33,"column":2},"end":{"line":33,"column":67}},"5":{"start":{"line":37,"column":2},"end":{"line":41,"column":3}},"6":{"start":{"line":38,"column":4},"end":{"line":38,"column":28}},"7":{"start":{"line":40,"column":4},"end":{"line":40,"column":34}},"8":{"start":{"line":42,"column":2},"end":{"line":51,"column":3}},"9":{"start":{"line":43,"column":4},"end":{"line":43,"column":53}},"10":{"start":{"line":44,"column":4},"end":{"line":50,"column":5}},"11":{"start":{"line":48,"column":29},"end":{"line":48,"column":61}},"12":{"start":{"line":49,"column":6},"end":{"line":49,"column":68}},"13":{"start":{"line":55,"column":2},"end":{"line":61,"column":3}},"14":{"start":{"line":57,"column":4},"end":{"line":57,"column":42}},"15":{"start":{"line":60,"column":4},"end":{"line":60,"column":48}},"16":{"start":{"line":63,"column":2},"end":{"line":63,"column":64}},"17":{"start":{"line":71,"column":2},"end":{"line":77,"column":3}},"18":{"start":{"line":73,"column":4},"end":{"line":73,"column":40}},"19":{"start":{"line":76,"column":4},"end":{"line":76,"column":46}},"20":{"start":{"line":78,"column":2},"end":{"line":82,"column":3}},"21":{"start":{"line":79,"column":4},"end":{"line":81,"column":5}},"22":{"start":{"line":80,"column":6},"end":{"line":80,"column":48}},"23":{"start":{"line":84,"column":20},"end":{"line":90,"column":3}},"24":{"start":{"line":92,"column":2},"end":{"line":95,"column":4}},"25":{"start":{"line":97,"column":2},"end":{"line":97,"column":18}}},"fnMap":{"0":{"name":"(anonymous_0)","decl":{"start":{"line":22,"column":15},"end":{"line":22,"column":16}},"loc":{"start":{"line":22,"column":51},"end":{"line":98,"column":1}},"line":22},"1":{"name":"(anonymous_1)","decl":{"start":{"line":79,"column":43},"end":{"line":79,"column":44}},"loc":{"start":{"line":80,"column":6},"end":{"line":80,"column":48}},"line":80}},"branchMap":{"0":{"loc":{"start":{"line":22,"column":29},"end":{"line":22,"column":46}},"type":"default-arg","locations":[{"start":{"line":22,"column":44},"end":{"line":22,"column":46}}],"line":22},"1":{"loc":{"start":{"line":25,"column":2},"end":{"line":31,"column":3}},"type":"if","locations":[{"start":{"line":25,"column":2},"end":{"line":31,"column":3}},{"start":{"line":25,"column":2},"end":{"line":31,"column":3}}],"line":25},"2":{"loc":{"start":{"line":37,"column":2},"end":{"line":41,"column":3}},"type":"if","locations":[{"start":{"line":37,"column":2},"end":{"line":41,"column":3}},{"start":{"line":37,"column":2},"end":{"line":41,"column":3}}],"line":37},"3":{"loc":{"start":{"line":42,"column":2},"end":{"line":51,"column":3}},"type":"if","locations":[{"start":{"line":42,"column":2},"end":{"line":51,"column":3}},{"start":{"line":42,"column":2},"end":{"line":51,"column":3}}],"line":42},"4":{"loc":{"start":{"line":44,"column":4},"end":{"line":50,"column":5}},"type":"if","locations":[{"start":{"line":44,"column":4},"end":{"line":50,"column":5}},{"start":{"line":44,"column":4},"end":{"line":50,"column":5}}],"line":44},"5":{"loc":{"start":{"line":45,"column":6},"end":{"line":46,"column":44}},"type":"binary-expr","locations":[{"start":{"line":45,"column":6},"end":{"line":45,"column":51}},{"start":{"line":46,"column":6},"end":{"line":46,"column":44}}],"line":45},"6":{"loc":{"start":{"line":55,"column":2},"end":{"line":61,"column":3}},"type":"if","locations":[{"start":{"line":55,"column":2},"end":{"line":61,"column":3}},{"start":{"line":55,"column":2},"end":{"line":61,"column":3}}],"line":55},"7":{"loc":{"start":{"line":71,"column":2},"end":{"line":77,"column":3}},"type":"if","locations":[{"start":{"line":71,"column":2},"end":{"line":77,"column":3}},{"start":{"line":71,"column":2},"end":{"line":77,"column":3}}],"line":71},"8":{"loc":{"start":{"line":78,"column":2},"end":{"line":82,"column":3}},"type":"if","locations":[{"start":{"line":78,"column":2},"end":{"line":82,"column":3}},{"start":{"line":78,"column":2},"end":{"line":82,"column":3}}],"line":78}},"s":{"0":1,"1":19,"2":19,"3":0,"4":19,"5":19,"6":19,"7":0,"8":19,"9":19,"10":19,"11":0,"12":0,"13":19,"14":19,"15":0,"16":19,"17":19,"18":19,"19":0,"20":19,"21":19,"22":0,"23":19,"24":19,"25":19},"f":{"0":19,"1":0},"b":{"0":[0],"1":[19,0],"2":[19,0],"3":[19,0],"4":[0,19],"5":[19,19],"6":[19,0],"7":[19,0],"8":[19,0]},"_coverageSchema":"43e27e138ebf9cfc5966b082cf9a028302ed4184","hash":"1d9e546801472678a9b48b9376a18b6c1b3be1cd"}
,"/home/alberto/projects/redux-rocketjump/packages/react-rocketjump/src/hooks.js": {"path":"/home/alberto/projects/redux-rocketjump/packages/react-rocketjump/src/hooks.js","statementMap":{"0":{"start":{"line":9,"column":14},"end":{"line":9,"column":22}},"1":{"start":{"line":11,"column":2},"end":{"line":13,"column":3}},"2":{"start":{"line":12,"column":4},"end":{"line":12,"column":29}},"3":{"start":{"line":15,"column":2},"end":{"line":15,"column":22}},"4":{"start":{"line":19,"column":18},"end":{"line":19,"column":50}},"5":{"start":{"line":19,"column":36},"end":{"line":19,"column":49}},"6":{"start":{"line":22,"column":23},"end":{"line":24,"column":4}},"7":{"start":{"line":23,"column":4},"end":{"line":23,"column":69}},"8":{"start":{"line":27,"column":2},"end":{"line":29,"column":20}},"9":{"start":{"line":28,"column":4},"end":{"line":28,"column":43}},"10":{"start":{"line":28,"column":17},"end":{"line":28,"column":43}},"11":{"start":{"line":31,"column":2},"end":{"line":31,"column":16}},"12":{"start":{"line":37,"column":4},"end":{"line":37,"column":50}},"13":{"start":{"line":39,"column":28},"end":{"line":39,"column":71}},"14":{"start":{"line":40,"column":2},"end":{"line":40,"column":26}},"15":{"start":{"line":45,"column":22},"end":{"line":45,"column":52}},"16":{"start":{"line":50,"column":26},"end":{"line":56,"column":4}},"17":{"start":{"line":51,"column":4},"end":{"line":55,"column":5}},"18":{"start":{"line":52,"column":6},"end":{"line":52,"column":42}},"19":{"start":{"line":54,"column":6},"end":{"line":54,"column":29}},"20":{"start":{"line":57,"column":2},"end":{"line":57,"column":24}}},"fnMap":{"0":{"name":"useConstant","decl":{"start":{"line":8,"column":16},"end":{"line":8,"column":27}},"loc":{"start":{"line":8,"column":32},"end":{"line":16,"column":1}},"line":8},"1":{"name":"useRxSubject","decl":{"start":{"line":18,"column":16},"end":{"line":18,"column":28}},"loc":{"start":{"line":18,"column":55},"end":{"line":32,"column":1}},"line":18},"2":{"name":"(anonymous_2)","decl":{"start":{"line":19,"column":30},"end":{"line":19,"column":31}},"loc":{"start":{"line":19,"column":36},"end":{"line":19,"column":49}},"line":19},"3":{"name":"(anonymous_3)","decl":{"start":{"line":22,"column":35},"end":{"line":22,"column":36}},"loc":{"start":{"line":22,"column":41},"end":{"line":24,"column":3}},"line":22},"4":{"name":"(anonymous_4)","decl":{"start":{"line":27,"column":12},"end":{"line":27,"column":13}},"loc":{"start":{"line":27,"column":18},"end":{"line":29,"column":3}},"line":27},"5":{"name":"(anonymous_5)","decl":{"start":{"line":28,"column":11},"end":{"line":28,"column":12}},"loc":{"start":{"line":28,"column":17},"end":{"line":28,"column":43}},"line":28},"6":{"name":"useReduxReducer","decl":{"start":{"line":35,"column":16},"end":{"line":35,"column":31}},"loc":{"start":{"line":35,"column":41},"end":{"line":41,"column":1}},"line":35},"7":{"name":"initReducer","decl":{"start":{"line":36,"column":11},"end":{"line":36,"column":22}},"loc":{"start":{"line":36,"column":35},"end":{"line":38,"column":3}},"line":36},"8":{"name":"useCreateRjState","decl":{"start":{"line":44,"column":16},"end":{"line":44,"column":32}},"loc":{"start":{"line":44,"column":51},"end":{"line":58,"column":1}},"line":44},"9":{"name":"(anonymous_9)","decl":{"start":{"line":50,"column":38},"end":{"line":50,"column":39}},"loc":{"start":{"line":50,"column":44},"end":{"line":56,"column":3}},"line":50}},"branchMap":{"0":{"loc":{"start":{"line":11,"column":2},"end":{"line":13,"column":3}},"type":"if","locations":[{"start":{"line":11,"column":2},"end":{"line":13,"column":3}},{"start":{"line":11,"column":2},"end":{"line":13,"column":3}}],"line":11},"1":{"loc":{"start":{"line":51,"column":4},"end":{"line":55,"column":5}},"type":"if","locations":[{"start":{"line":51,"column":4},"end":{"line":55,"column":5}},{"start":{"line":51,"column":4},"end":{"line":55,"column":5}}],"line":51}},"s":{"0":236,"1":236,"2":76,"3":236,"4":59,"5":19,"6":59,"7":19,"8":59,"9":0,"10":0,"11":59,"12":19,"13":59,"14":59,"15":59,"16":59,"17":19,"18":19,"19":0,"20":59},"f":{"0":236,"1":59,"2":19,"3":19,"4":0,"5":0,"6":59,"7":19,"8":59,"9":19},"b":{"0":[76,160],"1":[19,0]},"_coverageSchema":"43e27e138ebf9cfc5966b082cf9a028302ed4184","hash":"a2506481c9a7345f854de124328b93e7eede672e"}
,"/home/alberto/projects/redux-rocketjump/packages/react-rocketjump/src/index.js": {"path":"/home/alberto/projects/redux-rocketjump/packages/react-rocketjump/src/index.js","statementMap":{},"fnMap":{},"branchMap":{},"s":{},"f":{},"b":{},"_coverageSchema":"43e27e138ebf9cfc5966b082cf9a028302ed4184","hash":"e324a0660ae8f41e79c8347a4e57e55bbc34f996"}
,"/home/alberto/projects/redux-rocketjump/packages/react-rocketjump/src/internals.js": {"path":"/home/alberto/projects/redux-rocketjump/packages/react-rocketjump/src/internals.js","statementMap":{"0":{"start":{"line":6,"column":38},"end":{"line":6,"column":63}}},"fnMap":{},"branchMap":{},"s":{"0":1},"f":{},"b":{},"_coverageSchema":"43e27e138ebf9cfc5966b082cf9a028302ed4184","hash":"e82c49b60894a8aeab14a8c2fd84c910e063fce5"}
,"/home/alberto/projects/redux-rocketjump/packages/react-rocketjump/src/reducer.js": {"path":"/home/alberto/projects/redux-rocketjump/packages/react-rocketjump/src/reducer.js","statementMap":{"0":{"start":{"line":5,"column":21},"end":{"line":9,"column":1}},"1":{"start":{"line":12,"column":19},"end":{"line":12,"column":25}},"2":{"start":{"line":13,"column":2},"end":{"line":38,"column":3}},"3":{"start":{"line":15,"column":6},"end":{"line":19,"column":7}},"4":{"start":{"line":21,"column":6},"end":{"line":25,"column":7}},"5":{"start":{"line":27,"column":6},"end":{"line":31,"column":7}},"6":{"start":{"line":35,"column":6},"end":{"line":35,"column":46}},"7":{"start":{"line":37,"column":6},"end":{"line":37,"column":22}}},"fnMap":{"0":{"name":"reducer","decl":{"start":{"line":11,"column":24},"end":{"line":11,"column":31}},"loc":{"start":{"line":11,"column":66},"end":{"line":39,"column":1}},"line":11}},"branchMap":{"0":{"loc":{"start":{"line":11,"column":32},"end":{"line":11,"column":56}},"type":"default-arg","locations":[{"start":{"line":11,"column":44},"end":{"line":11,"column":56}}],"line":11},"1":{"loc":{"start":{"line":13,"column":2},"end":{"line":38,"column":3}},"type":"switch","locations":[{"start":{"line":14,"column":4},"end":{"line":19,"column":7}},{"start":{"line":20,"column":4},"end":{"line":25,"column":7}},{"start":{"line":26,"column":4},"end":{"line":31,"column":7}},{"start":{"line":32,"column":4},"end":{"line":35,"column":46}},{"start":{"line":36,"column":4},"end":{"line":37,"column":22}}],"line":13}},"s":{"0":1,"1":59,"2":59,"3":12,"4":1,"5":11,"6":2,"7":33},"f":{"0":59},"b":{"0":[53],"1":[12,1,11,2,33]},"_coverageSchema":"43e27e138ebf9cfc5966b082cf9a028302ed4184","hash":"bad96871ed379374218be8500d932e7e1cd5795d"}
,"/home/alberto/projects/redux-rocketjump/packages/react-rocketjump/src/rj.js": {"path":"/home/alberto/projects/redux-rocketjump/packages/react-rocketjump/src/rj.js","statementMap":{"0":{"start":{"line":8,"column":2},"end":{"line":8,"column":13}},"1":{"start":{"line":17,"column":28},"end":{"line":17,"column":47}},"2":{"start":{"line":18,"column":21},"end":{"line":18,"column":45}},"3":{"start":{"line":20,"column":2},"end":{"line":22,"column":3}},"4":{"start":{"line":21,"column":4},"end":{"line":21,"column":34}},"5":{"start":{"line":23,"column":2},"end":{"line":39,"column":4}},"6":{"start":{"line":24,"column":4},"end":{"line":35,"column":5}},"7":{"start":{"line":26,"column":6},"end":{"line":34,"column":7}},"8":{"start":{"line":27,"column":8},"end":{"line":27,"column":21}},"9":{"start":{"line":30,"column":8},"end":{"line":30,"column":34}},"10":{"start":{"line":31,"column":8},"end":{"line":33,"column":9}},"11":{"start":{"line":36,"column":4},"end":{"line":37,"column":64}},"12":{"start":{"line":38,"column":4},"end":{"line":38,"column":17}},"13":{"start":{"line":41,"column":2},"end":{"line":43,"column":3}},"14":{"start":{"line":42,"column":4},"end":{"line":42,"column":65}},"15":{"start":{"line":45,"column":2},"end":{"line":45,"column":21}},"16":{"start":{"line":50,"column":38},"end":{"line":50,"column":49}},"17":{"start":{"line":53,"column":27},"end":{"line":53,"column":61}},"18":{"start":{"line":64,"column":2},"end":{"line":67,"column":3}},"19":{"start":{"line":70,"column":20},"end":{"line":75,"column":1}},"20":{"start":{"line":77,"column":11},"end":{"line":77,"column":39}},"21":{"start":{"line":80,"column":2},"end":{"line":82,"column":3}},"22":{"start":{"line":81,"column":4},"end":{"line":81,"column":12}},"23":{"start":{"line":83,"column":2},"end":{"line":86,"column":3}},"24":{"start":{"line":91,"column":0},"end":{"line":100,"column":1}},"25":{"start":{"line":92,"column":20},"end":{"line":92,"column":38}},"26":{"start":{"line":94,"column":2},"end":{"line":97,"column":3}},"27":{"start":{"line":95,"column":21},"end":{"line":95,"column":58}},"28":{"start":{"line":96,"column":4},"end":{"line":96,"column":58}},"29":{"start":{"line":99,"column":2},"end":{"line":99,"column":49}}},"fnMap":{"0":{"name":"makeRunConfig","decl":{"start":{"line":7,"column":9},"end":{"line":7,"column":22}},"loc":{"start":{"line":7,"column":36},"end":{"line":9,"column":1}},"line":7},"1":{"name":"makeRecursionRjs","decl":{"start":{"line":11,"column":9},"end":{"line":11,"column":25}},"loc":{"start":{"line":16,"column":2},"end":{"line":46,"column":1}},"line":16},"2":{"name":"(anonymous_2)","decl":{"start":{"line":23,"column":34},"end":{"line":23,"column":35}},"loc":{"start":{"line":23,"column":44},"end":{"line":39,"column":3}},"line":23},"3":{"name":"finalizeExport","decl":{"start":{"line":48,"column":9},"end":{"line":48,"column":23}},"loc":{"start":{"line":48,"column":61},"end":{"line":68,"column":1}},"line":48},"4":{"name":"adjustConfig","decl":{"start":{"line":79,"column":9},"end":{"line":79,"column":21}},"loc":{"start":{"line":79,"column":25},"end":{"line":87,"column":1}},"line":79},"5":{"name":"(anonymous_5)","decl":{"start":{"line":91,"column":27},"end":{"line":91,"column":28}},"loc":{"start":{"line":91,"column":38},"end":{"line":100,"column":1}},"line":91},"6":{"name":"(anonymous_6)","decl":{"start":{"line":94,"column":31},"end":{"line":94,"column":32}},"loc":{"start":{"line":94,"column":65},"end":{"line":97,"column":3}},"line":94}},"branchMap":{"0":{"loc":{"start":{"line":20,"column":2},"end":{"line":22,"column":3}},"type":"if","locations":[{"start":{"line":20,"column":2},"end":{"line":22,"column":3}},{"start":{"line":20,"column":2},"end":{"line":22,"column":3}}],"line":20},"1":{"loc":{"start":{"line":20,"column":6},"end":{"line":20,"column":112}},"type":"binary-expr","locations":[{"start":{"line":20,"column":6},"end":{"line":20,"column":26}},{"start":{"line":20,"column":30},"end":{"line":20,"column":61}},{"start":{"line":20,"column":65},"end":{"line":20,"column":112}}],"line":20},"2":{"loc":{"start":{"line":24,"column":4},"end":{"line":35,"column":5}},"type":"if","locations":[{"start":{"line":24,"column":4},"end":{"line":35,"column":5}},{"start":{"line":24,"column":4},"end":{"line":35,"column":5}}],"line":24},"3":{"loc":{"start":{"line":26,"column":6},"end":{"line":34,"column":7}},"type":"if","locations":[{"start":{"line":26,"column":6},"end":{"line":34,"column":7}},{"start":{"line":26,"column":6},"end":{"line":34,"column":7}}],"line":26},"4":{"loc":{"start":{"line":37,"column":6},"end":{"line":37,"column":64}},"type":"binary-expr","locations":[{"start":{"line":37,"column":6},"end":{"line":37,"column":25}},{"start":{"line":37,"column":29},"end":{"line":37,"column":64}}],"line":37},"5":{"loc":{"start":{"line":41,"column":2},"end":{"line":43,"column":3}},"type":"if","locations":[{"start":{"line":41,"column":2},"end":{"line":43,"column":3}},{"start":{"line":41,"column":2},"end":{"line":43,"column":3}}],"line":41},"6":{"loc":{"start":{"line":80,"column":2},"end":{"line":82,"column":3}},"type":"if","locations":[{"start":{"line":80,"column":2},"end":{"line":82,"column":3}},{"start":{"line":80,"column":2},"end":{"line":82,"column":3}}],"line":80}},"s":{"0":19,"1":19,"2":19,"3":19,"4":0,"5":19,"6":19,"7":1,"8":0,"9":1,"10":1,"11":18,"12":18,"13":19,"14":0,"15":19,"16":19,"17":19,"18":19,"19":1,"20":1,"21":0,"22":0,"23":0,"24":1,"25":0,"26":0,"27":0,"28":0,"29":0},"f":{"0":19,"1":19,"2":19,"3":19,"4":0,"5":0,"6":0},"b":{"0":[0,19],"1":[19,0,0],"2":[1,18],"3":[0,1],"4":[18,18],"5":[0,19],"6":[0,0]},"_coverageSchema":"43e27e138ebf9cfc5966b082cf9a028302ed4184","hash":"66ec5ed3d6209f9f6ef05a385dd74ab8edb8c0cc"}
,"/home/alberto/projects/redux-rocketjump/packages/react-rocketjump/src/selectors.js": {"path":"/home/alberto/projects/redux-rocketjump/packages/react-rocketjump/src/selectors.js","statementMap":{"0":{"start":{"line":3,"column":18},"end":{"line":3,"column":36}},"1":{"start":{"line":3,"column":32},"end":{"line":3,"column":36}},"2":{"start":{"line":4,"column":20},"end":{"line":4,"column":44}},"3":{"start":{"line":4,"column":37},"end":{"line":4,"column":44}},"4":{"start":{"line":5,"column":19},"end":{"line":5,"column":39}},"5":{"start":{"line":5,"column":34},"end":{"line":5,"column":39}},"6":{"start":{"line":7,"column":2},"end":{"line":7,"column":41}}},"fnMap":{"0":{"name":"makeSelectors","decl":{"start":{"line":2,"column":24},"end":{"line":2,"column":37}},"loc":{"start":{"line":2,"column":40},"end":{"line":8,"column":1}},"line":2},"1":{"name":"(anonymous_1)","decl":{"start":{"line":3,"column":18},"end":{"line":3,"column":19}},"loc":{"start":{"line":3,"column":32},"end":{"line":3,"column":36}},"line":3},"2":{"name":"(anonymous_2)","decl":{"start":{"line":4,"column":20},"end":{"line":4,"column":21}},"loc":{"start":{"line":4,"column":37},"end":{"line":4,"column":44}},"line":4},"3":{"name":"(anonymous_3)","decl":{"start":{"line":5,"column":19},"end":{"line":5,"column":20}},"loc":{"start":{"line":5,"column":34},"end":{"line":5,"column":39}},"line":5}},"branchMap":{},"s":{"0":0,"1":0,"2":0,"3":0,"4":0,"5":0,"6":0},"f":{"0":0,"1":0,"2":0,"3":0},"b":{},"_coverageSchema":"43e27e138ebf9cfc5966b082cf9a028302ed4184","hash":"4dfc474e3306079d100cd5adf410829ed362efb1"}
,"/home/alberto/projects/redux-rocketjump/packages/react-rocketjump/src/sideEffectDescriptor.js": {"path":"/home/alberto/projects/redux-rocketjump/packages/react-rocketjump/src/sideEffectDescriptor.js","statementMap":{"0":{"start":{"line":4,"column":40},"end":{"line":6,"column":2}},"1":{"start":{"line":4,"column":47},"end":{"line":6,"column":1}},"2":{"start":{"line":9,"column":46},"end":{"line":26,"column":1}},"3":{"start":{"line":13,"column":32},"end":{"line":13,"column":59}},"4":{"start":{"line":15,"column":2},"end":{"line":17,"column":3}},"5":{"start":{"line":16,"column":4},"end":{"line":16,"column":50}},"6":{"start":{"line":18,"column":2},"end":{"line":20,"column":3}},"7":{"start":{"line":19,"column":4},"end":{"line":19,"column":58}},"8":{"start":{"line":21,"column":2},"end":{"line":23,"column":3}},"9":{"start":{"line":22,"column":4},"end":{"line":22,"column":67}},"10":{"start":{"line":25,"column":2},"end":{"line":25,"column":32}}},"fnMap":{"0":{"name":"(anonymous_0)","decl":{"start":{"line":4,"column":40},"end":{"line":4,"column":41}},"loc":{"start":{"line":4,"column":47},"end":{"line":6,"column":1}},"line":4},"1":{"name":"(anonymous_1)","decl":{"start":{"line":9,"column":46},"end":{"line":9,"column":47}},"loc":{"start":{"line":12,"column":5},"end":{"line":26,"column":1}},"line":12}},"branchMap":{"0":{"loc":{"start":{"line":15,"column":2},"end":{"line":17,"column":3}},"type":"if","locations":[{"start":{"line":15,"column":2},"end":{"line":17,"column":3}},{"start":{"line":15,"column":2},"end":{"line":17,"column":3}}],"line":15},"1":{"loc":{"start":{"line":18,"column":2},"end":{"line":20,"column":3}},"type":"if","locations":[{"start":{"line":18,"column":2},"end":{"line":20,"column":3}},{"start":{"line":18,"column":2},"end":{"line":20,"column":3}}],"line":18},"2":{"loc":{"start":{"line":21,"column":2},"end":{"line":23,"column":3}},"type":"if","locations":[{"start":{"line":21,"column":2},"end":{"line":23,"column":3}},{"start":{"line":21,"column":2},"end":{"line":23,"column":3}}],"line":21}},"s":{"0":1,"1":19,"2":1,"3":19,"4":19,"5":19,"6":19,"7":0,"8":19,"9":0,"10":19},"f":{"0":19,"1":19},"b":{"0":[19,0],"1":[0,19],"2":[0,19]},"_coverageSchema":"43e27e138ebf9cfc5966b082cf9a028302ed4184","hash":"985425f729313921264a3e32fd37b18d999e20c1"}
,"/home/alberto/projects/redux-rocketjump/packages/react-rocketjump/src/useRj.js": {"path":"/home/alberto/projects/redux-rocketjump/packages/react-rocketjump/src/useRj.js","statementMap":{"0":{"start":{"line":5,"column":26},"end":{"line":5,"column":32}},"1":{"start":{"line":5,"column":31},"end":{"line":5,"column":32}},"2":{"start":{"line":13,"column":26},"end":{"line":13,"column":60}},"3":{"start":{"line":19,"column":6},"end":{"line":19,"column":21}},"4":{"start":{"line":21,"column":28},"end":{"line":21,"column":52}},"5":{"start":{"line":23,"column":18},"end":{"line":23,"column":58}},"6":{"start":{"line":25,"column":28},"end":{"line":29,"column":4}},"7":{"start":{"line":26,"column":4},"end":{"line":28,"column":5}},"8":{"start":{"line":27,"column":6},"end":{"line":27,"column":28}},"9":{"start":{"line":31,"column":23},"end":{"line":36,"column":45}},"10":{"start":{"line":32,"column":4},"end":{"line":34,"column":5}},"11":{"start":{"line":33,"column":6},"end":{"line":33,"column":18}},"12":{"start":{"line":35,"column":4},"end":{"line":35,"column":48}},"13":{"start":{"line":38,"column":30},"end":{"line":40,"column":53}},"14":{"start":{"line":39,"column":4},"end":{"line":39,"column":76}},"15":{"start":{"line":42,"column":2},"end":{"line":42,"column":44}}},"fnMap":{"0":{"name":"(anonymous_0)","decl":{"start":{"line":5,"column":26},"end":{"line":5,"column":27}},"loc":{"start":{"line":5,"column":31},"end":{"line":5,"column":32}},"line":5},"1":{"name":"useRj","decl":{"start":{"line":7,"column":24},"end":{"line":7,"column":29}},"loc":{"start":{"line":12,"column":2},"end":{"line":43,"column":1}},"line":12},"2":{"name":"(anonymous_2)","decl":{"start":{"line":25,"column":40},"end":{"line":25,"column":41}},"loc":{"start":{"line":25,"column":46},"end":{"line":29,"column":3}},"line":25},"3":{"name":"(anonymous_3)","decl":{"start":{"line":31,"column":31},"end":{"line":31,"column":32}},"loc":{"start":{"line":31,"column":37},"end":{"line":36,"column":3}},"line":31},"4":{"name":"(anonymous_4)","decl":{"start":{"line":38,"column":38},"end":{"line":38,"column":39}},"loc":{"start":{"line":38,"column":44},"end":{"line":40,"column":3}},"line":38}},"branchMap":{"0":{"loc":{"start":{"line":11,"column":2},"end":{"line":11,"column":32}},"type":"default-arg","locations":[{"start":{"line":11,"column":15},"end":{"line":11,"column":32}}],"line":11},"1":{"loc":{"start":{"line":26,"column":4},"end":{"line":28,"column":5}},"type":"if","locations":[{"start":{"line":26,"column":4},"end":{"line":28,"column":5}},{"start":{"line":26,"column":4},"end":{"line":28,"column":5}}],"line":26},"2":{"loc":{"start":{"line":26,"column":8},"end":{"line":26,"column":57}},"type":"binary-expr","locations":[{"start":{"line":26,"column":8},"end":{"line":26,"column":33}},{"start":{"line":26,"column":37},"end":{"line":26,"column":57}}],"line":26},"3":{"loc":{"start":{"line":32,"column":4},"end":{"line":34,"column":5}},"type":"if","locations":[{"start":{"line":32,"column":4},"end":{"line":34,"column":5}},{"start":{"line":32,"column":4},"end":{"line":34,"column":5}}],"line":32},"4":{"loc":{"start":{"line":32,"column":8},"end":{"line":32,"column":57}},"type":"binary-expr","locations":[{"start":{"line":32,"column":8},"end":{"line":32,"column":33}},{"start":{"line":32,"column":37},"end":{"line":32,"column":57}}],"line":32}},"s":{"0":1,"1":0,"2":0,"3":0,"4":0,"5":0,"6":0,"7":0,"8":0,"9":0,"10":0,"11":0,"12":0,"13":0,"14":0,"15":0},"f":{"0":0,"1":0,"2":0,"3":0,"4":0},"b":{"0":[0],"1":[0,0],"2":[0,0],"3":[0,0],"4":[0,0]},"_coverageSchema":"43e27e138ebf9cfc5966b082cf9a028302ed4184","hash":"6194abf1ce3b102f7956a14b50b70668d9153db1"}
}
