TN:
SF:/home/alberto/projects/redux-rocketjump/packages/react-rocketjump/src/ConfigureRj.js
FN:5,ConfigureRj
FN:14,(anonymous_1)
FNF:2
FNH:0
FNDA:0,ConfigureRj
FNDA:0,(anonymous_1)
DA:14,0
DA:15,0
DA:22,0
DA:23,0
DA:26,0
LF:5
LH:0
BRF:0
BRH:0
end_of_record
TN:
SF:/home/alberto/projects/redux-rocketjump/packages/react-rocketjump/src/ConfigureRjContext.js
FNF:0
FNH:0
DA:3,1
LF:1
LH:1
BRF:0
BRH:0
end_of_record
TN:
SF:/home/alberto/projects/redux-rocketjump/packages/react-rocketjump/src/actionCreators.js
FN:11,(anonymous_0)
FN:21,withMeta
FN:39,extend
FN:62,makeLibraryAction
FN:81,run
FN:85,unload
FNF:6
FNH:6
FNDA:35,(anonymous_0)
FNDA:11,withMeta
FNDA:11,extend
FNDA:13,makeLibraryAction
FNDA:12,run
FNDA:1,unload
DA:11,1
DA:12,35
DA:13,35
DA:22,11
DA:29,11
DA:30,11
DA:31,11
DA:40,11
DA:51,11
DA:52,11
DA:53,11
DA:63,13
DA:74,13
DA:75,13
DA:76,13
DA:82,12
DA:86,1
LF:17
LH:17
BRDA:24,0,0,9
BRDA:24,0,1,2
BRDA:47,1,0,11
BRDA:47,1,1,11
BRDA:48,2,0,11
BRDA:48,2,1,11
BRF:6
BRH:6
end_of_record
TN:
SF:/home/alberto/projects/redux-rocketjump/packages/react-rocketjump/src/actionTypes.js
FNF:0
FNH:0
DA:2,1
DA:4,1
DA:5,1
DA:6,1
DA:7,1
DA:8,1
LF:6
LH:6
BRF:0
BRH:0
end_of_record
TN:
SF:/home/alberto/projects/redux-rocketjump/packages/react-rocketjump/src/bindActionCreators.js
FN:8,Builder
FN:12,(anonymous_1)
FN:16,(anonymous_2)
FN:24,(anonymous_3)
FN:29,(anonymous_4)
FN:34,(anonymous_5)
FN:40,(anonymous_6)
FN:63,attachBuilder
FN:64,(anonymous_8)
FN:67,(anonymous_9)
FN:70,(anonymous_10)
FN:73,(anonymous_11)
FN:130,bindActionCreator
FN:131,(anonymous_13)
FN:150,bindActionCreators
FNF:15
FNH:15
FNDA:12,Builder
FNDA:8,(anonymous_1)
FNDA:6,(anonymous_2)
FNDA:11,(anonymous_3)
FNDA:1,(anonymous_4)
FNDA:12,(anonymous_5)
FNDA:8,(anonymous_6)
FNDA:44,attachBuilder
FNDA:7,(anonymous_8)
FNDA:1,(anonymous_9)
FNDA:4,(anonymous_10)
FNDA:1,(anonymous_11)
FNDA:44,bindActionCreator
FNDA:3,(anonymous_13)
FNDA:19,bindActionCreators
DA:9,12
DA:10,12
DA:12,12
DA:13,8
DA:14,2
DA:16,6
DA:21,8
DA:24,12
DA:25,11
DA:26,11
DA:29,12
DA:30,1
DA:31,1
DA:34,12
DA:35,12
DA:36,12
DA:37,11
DA:40,11
DA:41,8
DA:43,11
DA:44,11
DA:45,11
DA:47,12
DA:50,12
DA:64,44
DA:65,7
DA:67,44
DA:68,1
DA:70,44
DA:71,4
DA:73,44
DA:74,1
DA:76,44
DA:131,44
DA:132,3
DA:133,3
DA:134,2
DA:135,2
DA:136,2
DA:138,3
DA:140,44
DA:151,19
DA:152,19
DA:153,44
DA:154,44
DA:160,19
LF:46
LH:46
BRDA:13,0,0,2
BRDA:13,0,1,6
BRDA:36,1,0,11
BRDA:36,1,1,1
BRDA:133,2,0,2
BRDA:133,2,1,1
BRF:6
BRH:6
end_of_record
TN:
SF:/home/alberto/projects/redux-rocketjump/packages/react-rocketjump/src/compose.js
FN:2,compose
FN:3,(anonymous_1)
FN:4,(anonymous_2)
FNF:3
FNH:0
FNDA:0,compose
FNDA:0,(anonymous_1)
FNDA:0,(anonymous_2)
DA:3,0
DA:4,0
LF:2
LH:0
BRF:0
BRH:0
end_of_record
TN:
SF:/home/alberto/projects/redux-rocketjump/packages/react-rocketjump/src/connectRj.js
FN:6,(anonymous_0)
FN:8,connectRj
FN:14,wrapWithConnect
FN:16,ConnectFunction
FN:29,(anonymous_4)
FN:35,(anonymous_5)
FN:42,(anonymous_6)
FNF:7
FNH:7
FNDA:16,(anonymous_0)
FNDA:19,connectRj
FNDA:19,wrapWithConnect
FNDA:59,ConnectFunction
FNDA:19,(anonymous_4)
FNDA:23,(anonymous_5)
FNDA:19,(anonymous_6)
DA:6,16
DA:14,19
DA:17,59
DA:23,59
DA:25,59
DA:27,59
DA:29,59
DA:30,19
DA:31,0
DA:35,59
DA:36,23
DA:37,23
DA:39,0
DA:42,59
DA:43,19
DA:50,59
DA:59,19
DA:62,19
DA:64,19
DA:65,19
DA:67,19
LF:21
LH:19
BRDA:12,0,0,16
BRDA:30,1,0,0
BRDA:30,1,1,19
BRDA:30,2,0,19
BRDA:30,2,1,0
BRDA:36,3,0,23
BRDA:36,3,1,0
BRDA:36,4,0,23
BRDA:36,4,1,0
BRDA:62,5,0,19
BRDA:62,5,1,19
BRDA:62,5,2,0
BRF:12
BRH:7
end_of_record
TN:
SF:/home/alberto/projects/redux-rocketjump/packages/react-rocketjump/src/createMakeRxObservable.js
FN:16,(anonymous_0)
FN:18,createMakeRxObservable
FN:23,makeRxObservable
FN:26,(anonymous_3)
FN:36,(anonymous_4)
FN:37,(anonymous_5)
FN:38,(anonymous_6)
FN:45,(anonymous_7)
FN:75,(anonymous_8)
FNF:9
FNH:8
FNDA:12,(anonymous_0)
FNDA:19,createMakeRxObservable
FNDA:19,makeRxObservable
FNDA:13,(anonymous_3)
FNDA:11,(anonymous_4)
FNDA:1,(anonymous_5)
FNDA:12,(anonymous_6)
FNDA:12,(anonymous_7)
FNDA:0,(anonymous_8)
DA:12,1
DA:13,1
DA:14,1
DA:16,12
DA:23,19
DA:24,19
DA:26,19
DA:27,13
DA:28,1
DA:30,12
DA:31,12
DA:33,12
DA:36,11
DA:37,1
DA:45,12
DA:46,12
DA:47,10
DA:49,12
DA:50,1
DA:58,19
DA:59,0
DA:63,19
DA:64,19
DA:65,0
DA:66,0
DA:67,0
DA:68,0
DA:73,0
DA:75,0
DA:78,0
LF:30
LH:22
BRDA:20,0,0,19
BRDA:27,1,0,1
BRDA:27,1,1,12
BRDA:46,2,0,10
BRDA:46,2,1,2
BRDA:46,3,0,12
BRDA:46,3,1,11
BRDA:49,4,0,1
BRDA:49,4,1,11
BRDA:49,5,0,12
BRDA:49,5,1,1
BRDA:58,6,0,0
BRDA:58,6,1,19
BRDA:63,7,0,19
BRDA:63,7,1,0
BRDA:65,8,0,0
BRDA:65,8,1,0
BRDA:67,9,0,0
BRDA:67,9,1,0
BRF:19
BRH:13
end_of_record
TN:
SF:/home/alberto/projects/redux-rocketjump/packages/react-rocketjump/src/export.js
FN:22,(anonymous_0)
FN:79,(anonymous_1)
FNF:2
FNH:1
FNDA:19,(anonymous_0)
FNDA:0,(anonymous_1)
DA:17,1
DA:25,19
DA:27,19
DA:30,0
DA:33,19
DA:37,19
DA:38,19
DA:40,0
DA:42,19
DA:43,19
DA:44,19
DA:48,0
DA:49,0
DA:55,19
DA:57,19
DA:60,0
DA:63,19
DA:71,19
DA:73,19
DA:76,0
DA:78,19
DA:79,19
DA:80,0
DA:84,19
DA:92,19
DA:97,19
LF:26
LH:19
BRDA:22,0,0,0
BRDA:25,1,0,19
BRDA:25,1,1,0
BRDA:37,2,0,19
BRDA:37,2,1,0
BRDA:42,3,0,19
BRDA:42,3,1,0
BRDA:44,4,0,0
BRDA:44,4,1,19
BRDA:45,5,0,19
BRDA:45,5,1,19
BRDA:55,6,0,19
BRDA:55,6,1,0
BRDA:71,7,0,19
BRDA:71,7,1,0
BRDA:78,8,0,19
BRDA:78,8,1,0
BRF:17
BRH:9
end_of_record
TN:
SF:/home/alberto/projects/redux-rocketjump/packages/react-rocketjump/src/hooks.js
FN:8,useConstant
FN:18,useRxSubject
FN:19,(anonymous_2)
FN:22,(anonymous_3)
FN:27,(anonymous_4)
FN:28,(anonymous_5)
FN:35,useReduxReducer
FN:36,initReducer
FN:44,useCreateRjState
FN:50,(anonymous_9)
FNF:10
FNH:8
FNDA:236,useConstant
FNDA:59,useRxSubject
FNDA:19,(anonymous_2)
FNDA:19,(anonymous_3)
FNDA:0,(anonymous_4)
FNDA:0,(anonymous_5)
FNDA:59,useReduxReducer
FNDA:19,initReducer
FNDA:59,useCreateRjState
FNDA:19,(anonymous_9)
DA:9,236
DA:11,236
DA:12,76
DA:15,236
DA:19,59
DA:22,59
DA:23,19
DA:27,59
DA:28,0
DA:31,59
DA:37,19
DA:39,59
DA:40,59
DA:45,59
DA:50,59
DA:51,19
DA:52,19
DA:54,0
DA:57,59
LF:19
LH:17
BRDA:11,0,0,76
BRDA:11,0,1,160
BRDA:51,1,0,19
BRDA:51,1,1,0
BRF:4
BRH:3
end_of_record
TN:
SF:/home/alberto/projects/redux-rocketjump/packages/react-rocketjump/src/index.js
FNF:0
FNH:0
LF:0
LH:0
BRF:0
BRH:0
end_of_record
TN:
SF:/home/alberto/projects/redux-rocketjump/packages/react-rocketjump/src/internals.js
FNF:0
FNH:0
DA:6,1
LF:1
LH:1
BRF:0
BRH:0
end_of_record
TN:
SF:/home/alberto/projects/redux-rocketjump/packages/react-rocketjump/src/reducer.js
FN:11,reducer
FNF:1
FNH:1
FNDA:59,reducer
DA:5,1
DA:12,59
DA:13,59
DA:15,12
DA:21,1
DA:27,11
DA:35,2
DA:37,33
LF:8
LH:8
BRDA:11,0,0,53
BRDA:13,1,0,12
BRDA:13,1,1,1
BRDA:13,1,2,11
BRDA:13,1,3,2
BRDA:13,1,4,33
BRF:6
BRH:6
end_of_record
TN:
SF:/home/alberto/projects/redux-rocketjump/packages/react-rocketjump/src/rj.js
FN:7,makeRunConfig
FN:11,makeRecursionRjs
FN:23,(anonymous_2)
FN:48,finalizeExport
FN:79,adjustConfig
FN:91,(anonymous_5)
FN:94,(anonymous_6)
FNF:7
FNH:4
FNDA:19,makeRunConfig
FNDA:19,makeRecursionRjs
FNDA:19,(anonymous_2)
FNDA:19,finalizeExport
FNDA:0,adjustConfig
FNDA:0,(anonymous_5)
FNDA:0,(anonymous_6)
DA:8,19
DA:17,19
DA:18,19
DA:20,19
DA:21,0
DA:23,19
DA:24,19
DA:26,1
DA:27,0
DA:30,1
DA:31,1
DA:36,18
DA:38,18
DA:41,19
DA:42,0
DA:45,19
DA:50,19
DA:53,19
DA:64,19
DA:70,1
DA:77,1
DA:80,0
DA:81,0
DA:83,0
DA:91,1
DA:92,0
DA:94,0
DA:95,0
DA:96,0
DA:99,0
LF:30
LH:19
BRDA:20,0,0,0
BRDA:20,0,1,19
BRDA:20,1,0,19
BRDA:20,1,1,0
BRDA:20,1,2,0
BRDA:24,2,0,1
BRDA:24,2,1,18
BRDA:26,3,0,0
BRDA:26,3,1,1
BRDA:37,4,0,18
BRDA:37,4,1,18
BRDA:41,5,0,0
BRDA:41,5,1,19
BRDA:80,6,0,0
BRDA:80,6,1,0
BRF:15
BRH:8
end_of_record
TN:
SF:/home/alberto/projects/redux-rocketjump/packages/react-rocketjump/src/selectors.js
FN:2,makeSelectors
FN:3,(anonymous_1)
FN:4,(anonymous_2)
FN:5,(anonymous_3)
FNF:4
FNH:0
FNDA:0,makeSelectors
FNDA:0,(anonymous_1)
FNDA:0,(anonymous_2)
FNDA:0,(anonymous_3)
DA:3,0
DA:4,0
DA:5,0
DA:7,0
LF:4
LH:0
BRF:0
BRH:0
end_of_record
TN:
SF:/home/alberto/projects/redux-rocketjump/packages/react-rocketjump/src/sideEffectDescriptor.js
FN:4,(anonymous_0)
FN:9,(anonymous_1)
FNF:2
FNH:2
FNDA:19,(anonymous_0)
FNDA:19,(anonymous_1)
DA:4,19
DA:9,1
DA:13,19
DA:15,19
DA:16,19
DA:18,19
DA:19,0
DA:21,19
DA:22,0
DA:25,19
LF:10
LH:8
BRDA:15,0,0,19
BRDA:15,0,1,0
BRDA:18,1,0,0
BRDA:18,1,1,19
BRDA:21,2,0,0
BRDA:21,2,1,19
BRF:6
BRH:3
end_of_record
TN:
SF:/home/alberto/projects/redux-rocketjump/packages/react-rocketjump/src/useRj.js
FN:5,(anonymous_0)
FN:7,useRj
FN:25,(anonymous_2)
FN:31,(anonymous_3)
FN:38,(anonymous_4)
FNF:5
FNH:0
FNDA:0,(anonymous_0)
FNDA:0,useRj
FNDA:0,(anonymous_2)
FNDA:0,(anonymous_3)
FNDA:0,(anonymous_4)
DA:5,1
DA:13,0
DA:19,0
DA:21,0
DA:23,0
DA:25,0
DA:26,0
DA:27,0
DA:31,0
DA:32,0
DA:33,0
DA:35,0
DA:38,0
DA:39,0
DA:42,0
LF:15
LH:1
BRDA:11,0,0,0
BRDA:26,1,0,0
BRDA:26,1,1,0
BRDA:26,2,0,0
BRDA:26,2,1,0
BRDA:32,3,0,0
BRDA:32,3,1,0
BRDA:32,4,0,0
BRDA:32,4,1,0
BRF:9
BRH:0
end_of_record
